<?xml version="1.0" encoding="UTF-8"?>
<!-- Generated by org.testng.reporters.JUnitXMLReporter -->
<testsuite hostname="DESKTOP-U9PHO9F" ignored="0" name="Validate Title Test" tests="1" failures="1" timestamp="2021-12-09T20:55:17 CET" time="24.583" errors="0">
  <testcase name="validateAppTitle" time="0.348" classname="udemyTutorial.PetarProject.ValidateTitle">
    <failure type="java.lang.AssertionError" message="expected [FEATURED COURSES Bre] but found [FEATURED COURSES]">
      <![CDATA[java.lang.AssertionError: expected [FEATURED COURSES Bre] but found [FEATURED COURSES]
at udemyTutorial.PetarProject.ValidateTitle.validateAppTitle(ValidateTitle.java:33)
at java.util.ArrayList.forEach(Unknown Source)
at java.util.concurrent.FutureTask.run(Unknown Source)
at java.util.concurrent.ThreadPoolExecutor.runWorker(Unknown Source)
at java.util.concurrent.ThreadPoolExecutor$Worker.run(Unknown Source)
at java.lang.Thread.run(Unknown Source)
... Removed 24 stack frames]]>
    </failure>
  </testcase> <!-- validateAppTitle -->
</testsuite> <!-- Validate Title Test -->
