<?xml version="1.0" encoding="UTF-8"?>
<testng-results skipped="0" failed="0" ignored="0" total="2" passed="2">
  <reporter-output>
  </reporter-output>
  <suite name="Default suite" duration-ms="26763" started-at="2021-12-11T15:17:33 CET" finished-at="2021-12-11T15:18:00 CET">
    <groups>
    </groups>
    <test name="Default test" duration-ms="26763" started-at="2021-12-11T15:17:33 CET" finished-at="2021-12-11T15:18:00 CET">
      <class name="udemyTutorial.PetarProject.HomePage">
        <test-method status="PASS" signature="initialize()[pri:0, instance:udemyTutorial.PetarProject.HomePage@65f095f8]" name="initialize" is-config="true" duration-ms="9785" started-at="2021-12-11T15:17:33 CET" finished-at="2021-12-11T15:17:43 CET">
          <reporter-output>
          </reporter-output>
        </test-method> <!-- initialize -->
        <test-method status="PASS" signature="basePageNavigation(java.lang.String,java.lang.String,java.lang.String)[pri:0, instance:udemyTutorial.PetarProject.HomePage@65f095f8]" name="basePageNavigation" duration-ms="10035" started-at="2021-12-11T15:17:43 CET" data-provider="getData" finished-at="2021-12-11T15:17:53 CET">
          <params>
            <param index="0">
              <value>
                <![CDATA[nonrestricteduser@test.com]]>
              </value>
            </param>
            <param index="1">
              <value>
                <![CDATA[123456]]>
              </value>
            </param>
            <param index="2">
              <value>
                <![CDATA[Non Restricted User]]>
              </value>
            </param>
          </params>
          <reporter-output>
          </reporter-output>
        </test-method> <!-- basePageNavigation -->
        <test-method status="PASS" signature="basePageNavigation(java.lang.String,java.lang.String,java.lang.String)[pri:0, instance:udemyTutorial.PetarProject.HomePage@65f095f8]" name="basePageNavigation" duration-ms="5359" started-at="2021-12-11T15:17:53 CET" data-provider="getData" finished-at="2021-12-11T15:17:58 CET">
          <params>
            <param index="0">
              <value>
                <![CDATA[restricteduser@test.com]]>
              </value>
            </param>
            <param index="1">
              <value>
                <![CDATA[654321]]>
              </value>
            </param>
            <param index="2">
              <value>
                <![CDATA[Restricted User]]>
              </value>
            </param>
          </params>
          <reporter-output>
          </reporter-output>
        </test-method> <!-- basePageNavigation -->
        <test-method status="PASS" signature="tearDown()[pri:0, instance:udemyTutorial.PetarProject.HomePage@65f095f8]" name="tearDown" is-config="true" duration-ms="1503" started-at="2021-12-11T15:17:58 CET" finished-at="2021-12-11T15:18:00 CET">
          <reporter-output>
          </reporter-output>
        </test-method> <!-- tearDown -->
      </class> <!-- udemyTutorial.PetarProject.HomePage -->
    </test> <!-- Default test -->
  </suite> <!-- Default suite -->
</testng-results>
